1562639313824	mozrunner::runner	INFO	Running command: "C:\\Program Files\\Mozilla Firefox\\firefox.exe" "-marionette" "-foreground" "-no-remote" "-profile" "C:\\Users\\ADMINI~1\\AppData\\Local\\Temp\\rust_mozprofile.llmNuq7rseFb"
1562639317570	addons.webextension.screenshots@mozilla.org	WARN	Loading extension 'screenshots@mozilla.org': Reading manifest: Invalid extension permission: mozillaAddons
1562639317570	addons.webextension.screenshots@mozilla.org	WARN	Loading extension 'screenshots@mozilla.org': Reading manifest: Invalid extension permission: resource://pdf.js/
1562639317570	addons.webextension.screenshots@mozilla.org	WARN	Loading extension 'screenshots@mozilla.org': Reading manifest: Invalid extension permission: about:reader*
1562639332983	Marionette	INFO	Listening on port 49800
1562639333317	Marionette	WARN	TLS certificate errors will be ignored for this session
console.error: BroadcastService: 
  receivedBroadcastMessage: handler for
  remote-settings/monitor_changes
  threw error:
  Message: Error: Polling for changes failed: http://%(server)s/dummy/blocklist//buckets/monitor/collections/changes/records?_expected=%221562636618241%22 is not a valid URL..
  Stack:
    remoteSettingsFunction/remoteSettings.pollChanges@resource://services-settings/remote-settings.js:203:13

[Child 20400, Chrome_ChildThread] WARNING: pipe error: 109: file z:/task_1560988636/build/src/ipc/chromium/src/chrome/common/ipc_channel_win.cc, line 341
[Child 20400, Chrome_ChildThread] WARNING: pipe error: 109: file z:/task_1560988636/build/src/ipc/chromium/src/chrome/common/ipc_channel_win.cc, line 341
[Child 7296, Chrome_ChildThread] WARNING: pipe error: 109: file z:/task_1560988636/build/src/ipc/chromium/src/chrome/common/ipc_channel_win.cc, line 341
[Child 7296, Chrome_ChildThread] WARNING: pipe error: 109: file z:/task_1560988636/build/src/ipc/chromium/src/chrome/common/ipc_channel_win.cc, line 341
[Child 7980, Chrome_ChildThread] WARNING: pipe error: 109: file z:/task_1560988636/build/src/ipc/chromium/src/chrome/common/ipc_channel_win.cc, line 341
[Child 7980, Chrome_ChildThread] WARNING: pipe error: 109: file z:/task_1560988636/build/src/ipc/chromium/src/chrome/common/ipc_channel_win.cc, line 341
1562642425381	Marionette	INFO	Stopped listening on port 49800
1562651448696	mozrunner::runner	INFO	Running command: "C:\\Program Files\\Mozilla Firefox\\firefox.exe" "-marionette" "-foreground" "-no-remote" "-profile" "C:\\Users\\ADMINI~1\\AppData\\Local\\Temp\\rust_mozprofile.BGWR9yzyq0wg"
1562651451877	addons.webextension.screenshots@mozilla.org	WARN	Loading extension 'screenshots@mozilla.org': Reading manifest: Invalid extension permission: mozillaAddons
1562651451877	addons.webextension.screenshots@mozilla.org	WARN	Loading extension 'screenshots@mozilla.org': Reading manifest: Invalid extension permission: resource://pdf.js/
1562651451878	addons.webextension.screenshots@mozilla.org	WARN	Loading extension 'screenshots@mozilla.org': Reading manifest: Invalid extension permission: about:reader*
console.error: "Could not write session state file " (new Error("_initWorker called too early! Please read the session file from disk first.", "resource:///modules/sessionstore/SessionFile.jsm", 334)) "_initWorker/<@resource:///modules/sessionstore/SessionFile.jsm:334:15\n_initWorker@resource:///modules/sessionstore/SessionFile.jsm:327:12\n_postToWorker@resource:///modules/sessionstore/SessionFile.jsm:351:16\nwrite@resource:///modules/sessionstore/SessionFile.jsm:390:24\nwrite@resource:///modules/sessionstore/SessionFile.jsm:63:32\n_writeState@resource:///modules/sessionstore/SessionSaver.jsm:354:24\n_saveState@resource:///modules/sessionstore/SessionSaver.jsm:292:17\n_saveStateAsync@resource:///modules/sessionstore/SessionSaver.jsm:338:10\nsaveStateAsyncWhenIdle@resource:///modules/sessionstore/SessionSaver.jsm:189:14\ncallback@resource://gre/modules/Timer.jsm:100:7\n"
1562651468524	Marionette	INFO	Listening on port 65089
[Child 10540, Chrome_ChildThread] WARNING: pipe error: 109: file z:/task_1560988636/build/src/ipc/chromium/src/chrome/common/ipc_channel_win.cc, line 341
1562651469074	Marionette	WARN	TLS certificate errors will be ignored for this session
[Parent 13768, Gecko_IOThread] WARNING: pipe error: 109: file z:/task_1560988636/build/src/ipc/chromium/src/chrome/common/ipc_channel_win.cc, line 341
[Child 25836, Chrome_ChildThread] WARNING: pipe error: 109: file z:/task_1560988636/build/src/ipc/chromium/src/chrome/common/ipc_channel_win.cc, line 341
[Parent 13768, Gecko_IOThread] WARNING: pipe error: 109: file z:/task_1560988636/build/src/ipc/chromium/src/chrome/common/ipc_channel_win.cc, line 341
1562651550717	Marionette	INFO	Stopped listening on port 65089

###!!! [Child][RunMessage] Error: Channel closing: too late to send/recv, messages will be lost

[GPU 10128, Chrome_ChildThread] WARNING: pipe error: 109: file z:/task_1560988636/build/src/ipc/chromium/src/chrome/common/ipc_channel_win.cc, line 341

###!!! [Child][MessageChannel::SendAndWait] Error: Channel error: cannot send/recv

